%!Adobe-FontList 1.19
%Locale:0x1809

%BeginFont
Handler:DirectoryHandler
FontType:Invalid
OutlineFileName:C:\Users\Ailish\Desktop\HusetKBH\Font\.DS_Store
FileModTime:1504099612
%EndFont

%BeginFont
Handler:DirectoryHandler
FontType:Invalid
OutlineFileName:C:\Users\Ailish\Desktop\HusetKBH\Font\._.DS_Store
FileModTime:1504529054
%EndFont

%BeginFont
Handler:DirectoryHandler
FontType:Invalid
OutlineFileName:C:\Users\Ailish\Desktop\HusetKBH\Font\._Document fonts
FileModTime:1504529054
%EndFont

%BeginFont
Handler:DirectoryHandler
FontType:Invalid
OutlineFileName:C:\Users\Ailish\Desktop\HusetKBH\Font\Font_neon\.DS_Store
FileModTime:1504099612
%EndFont

%BeginFont
Handler:DirectoryHandler
FontType:Invalid
OutlineFileName:C:\Users\Ailish\Desktop\HusetKBH\Font\Font_neon\._.DS_Store
FileModTime:1504529054
%EndFont

%BeginFont
Handler:DirectoryHandler
FontType:Invalid
OutlineFileName:C:\Users\Ailish\Desktop\HusetKBH\Font\Font_neon\._FONT.docx
FileModTime:1504529054
%EndFont

%BeginFont
Handler:DirectoryHandler
FontType:Invalid
OutlineFileName:C:\Users\Ailish\Desktop\HusetKBH\Font\Font_neon\._Huset Regular
FileModTime:1504529054
%EndFont

%BeginFont
Handler:DirectoryHandler
FontType:Invalid
OutlineFileName:C:\Users\Ailish\Desktop\HusetKBH\Font\Font_neon\FONT.docx
FileModTime:1450528922
%EndFont

%BeginFont
Handler:DirectoryHandler
FontType:Invalid
OutlineFileName:C:\Users\Ailish\Desktop\HusetKBH\Font\Font_neon\Huset Regular.zip
FileModTime:1460638644
%EndFont

%BeginFont
Handler:DirectoryHandler
FontType:Invalid
OutlineFileName:C:\Users\Ailish\Desktop\HusetKBH\Font\Font_neon\Huset Regular\.DS_Store
FileModTime:1454069262
%EndFont

%BeginFont
Handler:DirectoryHandler
FontType:Invalid
OutlineFileName:C:\Users\Ailish\Desktop\HusetKBH\Font\Font_neon\Huset Regular\._.DS_Store
FileModTime:1504529054
%EndFont

%BeginFont
Handler:DirectoryHandler
FontType:Invalid
OutlineFileName:C:\Users\Ailish\Desktop\HusetKBH\Font\Font_neon\Huset Regular\._HUSET Regular EULA.txt
FileModTime:1504529054
%EndFont

%BeginFont
Handler:DirectoryHandler
FontType:Invalid
OutlineFileName:C:\Users\Ailish\Desktop\HusetKBH\Font\Font_neon\Huset Regular\._HUSET Regular.otf
FileModTime:1504529054
%EndFont

%BeginFont
Handler:DirectoryHandler
FontType:Invalid
OutlineFileName:C:\Users\Ailish\Desktop\HusetKBH\Font\Font_neon\Huset Regular\HUSET Regular EULA.txt
FileModTime:1454069368
%EndFont

%BeginFont
Handler:DirectoryHandler
FontType:Type1
FontName:HUSET
FamilyName:HUSET
StyleName:Regular
FullName:HUSET
MenuName:HUSET
StyleBits:0
WritingScript:Roman
OutlineFileName:C:\Users\Ailish\Desktop\HusetKBH\Font\Font_neon\Huset Regular\HUSET Regular.otf
DataFormat:sfntData
UsesStandardEncoding:yes
isCFF:yes
hasSVG:no
VariableFontType:NonVariableFont
FileLength:16544
FileModTime:1454069146
WeightClass:400
WidthClass:5
AngleClass:0
NameArray:0,Mac,18,HUSET
NameArray:0,Mac,4,HUSET
NameArray:0,Win,1,HUSET
%EndFont

%BeginFont
Handler:DirectoryHandler
FontType:Invalid
OutlineFileName:C:\Users\Ailish\Desktop\HusetKBH\Font\Document fonts\._AdobeFnt16.lst
FileModTime:1504529054
%EndFont

%BeginFont
Handler:DirectoryHandler
FontType:Invalid
OutlineFileName:C:\Users\Ailish\Desktop\HusetKBH\Font\Document fonts\._Avenir Next.ttc
FileModTime:1504529054
%EndFont

%BeginFont
Handler:DirectoryHandler
FontType:Invalid
OutlineFileName:C:\Users\Ailish\Desktop\HusetKBH\Font\Document fonts\._Avenir.ttc
FileModTime:1504529054
%EndFont

%BeginFont
Handler:DirectoryHandler
FontType:Invalid
OutlineFileName:C:\Users\Ailish\Desktop\HusetKBH\Font\Document fonts\._CooperBlackStd.otf
FileModTime:1504529054
%EndFont

%BeginFont
Handler:DirectoryHandler
FontType:Invalid
OutlineFileName:C:\Users\Ailish\Desktop\HusetKBH\Font\Document fonts\._Helvetica.dfont
FileModTime:1504529054
%EndFont

%BeginFont
Handler:DirectoryHandler
FontType:Invalid
OutlineFileName:C:\Users\Ailish\Desktop\HusetKBH\Font\Document fonts\._Portrait-Medium.otf
FileModTime:1504529054
%EndFont

%BeginFont
Handler:DirectoryHandler
FontType:Invalid
OutlineFileName:C:\Users\Ailish\Desktop\HusetKBH\Font\Document fonts\._Times.dfont
FileModTime:1504529054
%EndFont

%BeginFont
Handler:DirectoryHandler
FontType:TrueType
FontName:AvenirNext-Bold
FamilyName:Avenir Next
StyleName:Bold
FullName:Avenir Next Bold
MenuName:Avenir Next
StyleBits:2
WritingScript:Roman
OutlineFileName:C:\Users\Ailish\Desktop\HusetKBH\Font\Document fonts\Avenir Next.ttc
TTCOffset:72
DataFormat:sfntData
hasSVG:no
VariableFontType:NonVariableFont
FileLength:5189232
FileModTime:1410303194
WeightClass:700
WidthClass:5
AngleClass:0
NameArray:0,Mac,18,Avenir Next Bold
NameArray:0,Mac,4,Avenir Next Bold
NameArray:0,Win,1,Avenir Next
NameArray:0,Win,16,Avenir Next
%EndFont

%BeginFont
Handler:DirectoryHandler
FontType:TrueType
FontName:AvenirNext-BoldItalic
FamilyName:Avenir Next
StyleName:Bold Italic
FullName:Avenir Next Bold Italic
MenuName:Avenir Next
StyleBits:0
WritingScript:Roman
OutlineFileName:C:\Users\Ailish\Desktop\HusetKBH\Font\Document fonts\Avenir Next.ttc
TTCOffset:356
DataFormat:sfntData
hasSVG:no
VariableFontType:NonVariableFont
FileLength:5189232
FileModTime:1410303194
WeightClass:700
WidthClass:5
AngleClass:1
NameArray:0,Mac,18,Avenir Next Bold Italic
NameArray:0,Mac,4,Avenir Next Bold Italic
NameArray:0,Win,1,Avenir Next
NameArray:0,Win,16,Avenir Next
%EndFont

%BeginFont
Handler:DirectoryHandler
FontType:TrueType
FontName:AvenirNext-DemiBold
FamilyName:Avenir Next
StyleName:Demi Bold
FullName:Avenir Next Demi Bold
MenuName:Avenir Next Demi Bold
StyleBits:2
WritingScript:Roman
OutlineFileName:C:\Users\Ailish\Desktop\HusetKBH\Font\Document fonts\Avenir Next.ttc
TTCOffset:640
DataFormat:sfntData
hasSVG:no
VariableFontType:NonVariableFont
FileLength:5189232
FileModTime:1410303194
WeightClass:600
WidthClass:5
AngleClass:0
NameArray:0,Mac,18,Avenir Next Demi Bold
NameArray:0,Mac,4,Avenir Next Demi Bold
NameArray:0,Win,1,Avenir Next Demi Bold
NameArray:0,Win,16,Avenir Next
%EndFont

%BeginFont
Handler:DirectoryHandler
FontType:TrueType
FontName:AvenirNext-DemiBoldItalic
FamilyName:Avenir Next
StyleName:Demi Bold Italic
FullName:Avenir Next Demi Bold Italic
MenuName:Avenir Next Demi Bold
StyleBits:3
WritingScript:Roman
OutlineFileName:C:\Users\Ailish\Desktop\HusetKBH\Font\Document fonts\Avenir Next.ttc
TTCOffset:924
DataFormat:sfntData
hasSVG:no
VariableFontType:NonVariableFont
FileLength:5189232
FileModTime:1410303194
WeightClass:600
WidthClass:5
AngleClass:0
NameArray:0,Mac,18,Avenir Next Demi Bold Italic
NameArray:0,Mac,4,Avenir Next Demi Bold Italic
NameArray:0,Win,1,Avenir Next Demi Bold
NameArray:0,Win,16,Avenir Next
%EndFont

%BeginFont
Handler:DirectoryHandler
FontType:TrueType
FontName:AvenirNext-Italic
FamilyName:Avenir Next
StyleName:Italic
FullName:Avenir Next Italic
MenuName:Avenir Next
StyleBits:1
WritingScript:Roman
OutlineFileName:C:\Users\Ailish\Desktop\HusetKBH\Font\Document fonts\Avenir Next.ttc
TTCOffset:1208
DataFormat:sfntData
hasSVG:no
VariableFontType:NonVariableFont
FileLength:5189232
FileModTime:1410303194
WeightClass:400
WidthClass:5
AngleClass:1
NameArray:0,Mac,18,Avenir Next Italic
NameArray:0,Mac,4,Avenir Next Italic
NameArray:0,Win,1,Avenir Next
NameArray:0,Win,16,Avenir Next
%EndFont

%BeginFont
Handler:DirectoryHandler
FontType:TrueType
FontName:AvenirNext-Medium
FamilyName:Avenir Next
StyleName:Medium
FullName:Avenir Next Medium
MenuName:Avenir Next Medium
StyleBits:0
WritingScript:Roman
OutlineFileName:C:\Users\Ailish\Desktop\HusetKBH\Font\Document fonts\Avenir Next.ttc
TTCOffset:1492
DataFormat:sfntData
hasSVG:no
VariableFontType:NonVariableFont
FileLength:5189232
FileModTime:1410303194
WeightClass:500
WidthClass:5
AngleClass:0
NameArray:0,Mac,18,Avenir Next Medium
NameArray:0,Mac,4,Avenir Next Medium
NameArray:0,Win,1,Avenir Next Medium
NameArray:0,Win,16,Avenir Next
%EndFont

%BeginFont
Handler:DirectoryHandler
FontType:TrueType
FontName:AvenirNext-MediumItalic
FamilyName:Avenir Next
StyleName:Medium Italic
FullName:Avenir Next Medium Italic
MenuName:Avenir Next Medium
StyleBits:1
WritingScript:Roman
OutlineFileName:C:\Users\Ailish\Desktop\HusetKBH\Font\Document fonts\Avenir Next.ttc
TTCOffset:1776
DataFormat:sfntData
hasSVG:no
VariableFontType:NonVariableFont
FileLength:5189232
FileModTime:1410303194
WeightClass:500
WidthClass:5
AngleClass:0
NameArray:0,Mac,18,Avenir Next Medium Italic
NameArray:0,Mac,4,Avenir Next Medium Italic
NameArray:0,Win,1,Avenir Next Medium
NameArray:0,Win,16,Avenir Next
%EndFont

%BeginFont
Handler:DirectoryHandler
FontType:TrueType
FontName:AvenirNext-Regular
FamilyName:Avenir Next
StyleName:Regular
FullName:Avenir Next Regular
MenuName:Avenir Next
StyleBits:0
WritingScript:Roman
OutlineFileName:C:\Users\Ailish\Desktop\HusetKBH\Font\Document fonts\Avenir Next.ttc
TTCOffset:2060
DataFormat:sfntData
hasSVG:no
VariableFontType:NonVariableFont
FileLength:5189232
FileModTime:1410303194
WeightClass:400
WidthClass:5
AngleClass:0
NameArray:0,Mac,18,Avenir Next Regular
NameArray:0,Mac,4,Avenir Next Regular
NameArray:0,Win,1,Avenir Next
NameArray:0,Win,16,Avenir Next
%EndFont

%BeginFont
Handler:DirectoryHandler
FontType:TrueType
FontName:AvenirNext-Heavy
FamilyName:Avenir Next
StyleName:Heavy
FullName:Avenir Next Heavy
MenuName:Avenir Next Heavy
StyleBits:0
WritingScript:Roman
OutlineFileName:C:\Users\Ailish\Desktop\HusetKBH\Font\Document fonts\Avenir Next.ttc
TTCOffset:2344
DataFormat:sfntData
hasSVG:no
VariableFontType:NonVariableFont
FileLength:5189232
FileModTime:1410303194
WeightClass:900
WidthClass:5
AngleClass:0
NameArray:0,Mac,18,Avenir Next Heavy
NameArray:0,Mac,4,Avenir Next Heavy
NameArray:0,Win,1,Avenir Next Heavy
NameArray:0,Win,16,Avenir Next
%EndFont

%BeginFont
Handler:DirectoryHandler
FontType:TrueType
FontName:AvenirNext-HeavyItalic
FamilyName:Avenir Next
StyleName:Heavy Italic
FullName:Avenir Next Heavy Italic
MenuName:Avenir Next Heavy
StyleBits:1
WritingScript:Roman
OutlineFileName:C:\Users\Ailish\Desktop\HusetKBH\Font\Document fonts\Avenir Next.ttc
TTCOffset:2628
DataFormat:sfntData
hasSVG:no
VariableFontType:NonVariableFont
FileLength:5189232
FileModTime:1410303194
WeightClass:900
WidthClass:5
AngleClass:1
NameArray:0,Mac,18,Avenir Next Heavy Italic
NameArray:0,Mac,4,Avenir Next Heavy Italic
NameArray:0,Win,1,Avenir Next Heavy
NameArray:0,Win,16,Avenir Next
%EndFont

%BeginFont
Handler:DirectoryHandler
FontType:TrueType
FontName:AvenirNext-UltraLight
FamilyName:Avenir Next
StyleName:Ultra Light
FullName:AvenirNext-UltraLight
MenuName:Avenir Next Ultra Light
StyleBits:0
WritingScript:Roman
OutlineFileName:C:\Users\Ailish\Desktop\HusetKBH\Font\Document fonts\Avenir Next.ttc
TTCOffset:2912
DataFormat:sfntData
hasSVG:no
VariableFontType:NonVariableFont
FileLength:5189232
FileModTime:1410303194
WeightClass:275
WidthClass:5
AngleClass:0
NameArray:0,Mac,18,Avenir Next Ultra Light
NameArray:0,Mac,4,Avenir Next Ultra Light
NameArray:0,Win,1,Avenir Next Ultra Light
NameArray:0,Win,16,Avenir Next
%EndFont

%BeginFont
Handler:DirectoryHandler
FontType:TrueType
FontName:AvenirNext-UltraLightItalic
FamilyName:Avenir Next
StyleName:Ultra Light Italic
FullName:Avenir Next Ultra Light Italic
MenuName:Avenir Next Ultra Light
StyleBits:0
WritingScript:Roman
OutlineFileName:C:\Users\Ailish\Desktop\HusetKBH\Font\Document fonts\Avenir Next.ttc
TTCOffset:3196
DataFormat:sfntData
hasSVG:no
VariableFontType:NonVariableFont
FileLength:5189232
FileModTime:1410303194
WeightClass:275
WidthClass:5
AngleClass:1
NameArray:0,Mac,18,Avenir Next Ultra Light Italic
NameArray:0,Mac,4,Avenir Next Ultra Light Italic
NameArray:0,Win,1,Avenir Next Ultra Light
NameArray:0,Win,16,Avenir Next
%EndFont

%BeginFont
Handler:DirectoryHandler
FontType:TrueType
FontName:Avenir-Book
FamilyName:Avenir
StyleName:Book
FullName:Avenir Book
MenuName:Avenir Book
StyleBits:0
WritingScript:Roman
OutlineFileName:C:\Users\Ailish\Desktop\HusetKBH\Font\Document fonts\Avenir.ttc
TTCOffset:72
DataFormat:sfntData
hasSVG:no
VariableFontType:NonVariableFont
FileLength:1586556
FileModTime:1410303194
WeightClass:400
WidthClass:5
AngleClass:0
NameArray:0,Mac,18,Avenir Book
NameArray:0,Mac,4,Avenir Book
NameArray:0,Win,1,Avenir Book
NameArray:0,Win,16,Avenir
%EndFont

%BeginFont
Handler:DirectoryHandler
FontType:TrueType
FontName:Avenir-BookOblique
FamilyName:Avenir
StyleName:Book Oblique
FullName:Avenir Book Oblique
MenuName:Avenir Book
StyleBits:1
WritingScript:Roman
OutlineFileName:C:\Users\Ailish\Desktop\HusetKBH\Font\Document fonts\Avenir.ttc
TTCOffset:372
DataFormat:sfntData
hasSVG:no
VariableFontType:NonVariableFont
FileLength:1586556
FileModTime:1410303194
WeightClass:400
WidthClass:5
AngleClass:1
NameArray:0,Mac,18,Avenir Book Oblique
NameArray:0,Mac,4,Avenir Book Oblique
NameArray:0,Win,1,Avenir Book
NameArray:0,Win,16,Avenir
%EndFont

%BeginFont
Handler:DirectoryHandler
FontType:TrueType
FontName:Avenir-Black
FamilyName:Avenir
StyleName:Black
FullName:Avenir Black
MenuName:Avenir Black
StyleBits:2
WritingScript:Roman
OutlineFileName:C:\Users\Ailish\Desktop\HusetKBH\Font\Document fonts\Avenir.ttc
TTCOffset:672
DataFormat:sfntData
hasSVG:no
VariableFontType:NonVariableFont
FileLength:1586556
FileModTime:1410303194
WeightClass:800
WidthClass:5
AngleClass:0
NameArray:0,Mac,18,Avenir Black
NameArray:0,Mac,4,Avenir Black
NameArray:0,Win,1,Avenir Black
NameArray:0,Win,16,Avenir
%EndFont

%BeginFont
Handler:DirectoryHandler
FontType:TrueType
FontName:Avenir-BlackOblique
FamilyName:Avenir
StyleName:Black Oblique
FullName:Avenir Black Oblique
MenuName:Avenir Black Oblique
StyleBits:3
WritingScript:Roman
OutlineFileName:C:\Users\Ailish\Desktop\HusetKBH\Font\Document fonts\Avenir.ttc
TTCOffset:956
DataFormat:sfntData
hasSVG:no
VariableFontType:NonVariableFont
FileLength:1586556
FileModTime:1410303194
WeightClass:800
WidthClass:5
AngleClass:1
NameArray:0,Mac,18,Avenir Black Oblique
NameArray:0,Mac,4,Avenir Black Oblique
NameArray:0,Win,1,Avenir Black Oblique
NameArray:0,Win,16,Avenir
%EndFont

%BeginFont
Handler:DirectoryHandler
FontType:TrueType
FontName:Avenir-Heavy
FamilyName:Avenir
StyleName:Heavy
FullName:Avenir Heavy
MenuName:Avenir Heavy
StyleBits:2
WritingScript:Roman
OutlineFileName:C:\Users\Ailish\Desktop\HusetKBH\Font\Document fonts\Avenir.ttc
TTCOffset:1240
DataFormat:sfntData
hasSVG:no
VariableFontType:NonVariableFont
FileLength:1586556
FileModTime:1410303194
WeightClass:900
WidthClass:5
AngleClass:0
NameArray:0,Mac,18,Avenir Heavy
NameArray:0,Mac,4,Avenir Heavy
NameArray:0,Win,1,Avenir Heavy
NameArray:0,Win,16,Avenir
%EndFont

%BeginFont
Handler:DirectoryHandler
FontType:TrueType
FontName:Avenir-HeavyOblique
FamilyName:Avenir
StyleName:Heavy Oblique
FullName:Avenir Heavy Oblique
MenuName:Avenir Heavy
StyleBits:3
WritingScript:Roman
OutlineFileName:C:\Users\Ailish\Desktop\HusetKBH\Font\Document fonts\Avenir.ttc
TTCOffset:1508
DataFormat:sfntData
hasSVG:no
VariableFontType:NonVariableFont
FileLength:1586556
FileModTime:1410303194
WeightClass:900
WidthClass:5
AngleClass:1
NameArray:0,Mac,18,Avenir Heavy Oblique
NameArray:0,Mac,4,Avenir Heavy Oblique
NameArray:0,Win,1,Avenir Heavy
NameArray:0,Win,16,Avenir
%EndFont

%BeginFont
Handler:DirectoryHandler
FontType:TrueType
FontName:Avenir-Light
FamilyName:Avenir
StyleName:Light
FullName:Avenir Light
MenuName:Avenir Light
StyleBits:0
WritingScript:Roman
OutlineFileName:C:\Users\Ailish\Desktop\HusetKBH\Font\Document fonts\Avenir.ttc
TTCOffset:1808
DataFormat:sfntData
hasSVG:no
VariableFontType:NonVariableFont
FileLength:1586556
FileModTime:1410303194
WeightClass:300
WidthClass:5
AngleClass:0
NameArray:0,Mac,18,Avenir Light
NameArray:0,Mac,4,Avenir Light
NameArray:0,Win,1,Avenir Light
NameArray:0,Win,16,Avenir
%EndFont

%BeginFont
Handler:DirectoryHandler
FontType:TrueType
FontName:Avenir-LightOblique
FamilyName:Avenir
StyleName:Light Oblique
FullName:Avenir Light Oblique
MenuName:Avenir Light
StyleBits:1
WritingScript:Roman
OutlineFileName:C:\Users\Ailish\Desktop\HusetKBH\Font\Document fonts\Avenir.ttc
TTCOffset:2108
DataFormat:sfntData
hasSVG:no
VariableFontType:NonVariableFont
FileLength:1586556
FileModTime:1410303194
WeightClass:300
WidthClass:5
AngleClass:1
NameArray:0,Mac,18,Avenir Light Oblique
NameArray:0,Mac,4,Avenir Light Oblique
NameArray:0,Win,1,Avenir Light
NameArray:0,Win,16,Avenir
%EndFont

%BeginFont
Handler:DirectoryHandler
FontType:TrueType
FontName:Avenir-Medium
FamilyName:Avenir
StyleName:Medium
FullName:Avenir Medium
MenuName:Avenir Medium
StyleBits:0
WritingScript:Roman
OutlineFileName:C:\Users\Ailish\Desktop\HusetKBH\Font\Document fonts\Avenir.ttc
TTCOffset:2408
DataFormat:sfntData
hasSVG:no
VariableFontType:NonVariableFont
FileLength:1586556
FileModTime:1410303194
WeightClass:500
WidthClass:5
AngleClass:0
NameArray:0,Mac,18,Avenir Medium
NameArray:0,Mac,4,Avenir Medium
NameArray:0,Win,1,Avenir Medium
NameArray:0,Win,16,Avenir
%EndFont

%BeginFont
Handler:DirectoryHandler
FontType:TrueType
FontName:Avenir-MediumOblique
FamilyName:Avenir
StyleName:Medium Oblique
FullName:Avenir Medium Oblique
MenuName:Avenir Medium
StyleBits:1
WritingScript:Roman
OutlineFileName:C:\Users\Ailish\Desktop\HusetKBH\Font\Document fonts\Avenir.ttc
TTCOffset:2692
DataFormat:sfntData
hasSVG:no
VariableFontType:NonVariableFont
FileLength:1586556
FileModTime:1410303194
WeightClass:500
WidthClass:5
AngleClass:1
NameArray:0,Mac,18,Avenir Medium Oblique
NameArray:0,Mac,4,Avenir Medium Oblique
NameArray:0,Win,1,Avenir Medium
NameArray:0,Win,16,Avenir
%EndFont

%BeginFont
Handler:DirectoryHandler
FontType:TrueType
FontName:Avenir-Oblique
FamilyName:Avenir
StyleName:Oblique
FullName:Avenir Oblique
MenuName:Avenir
StyleBits:1
WritingScript:Roman
OutlineFileName:C:\Users\Ailish\Desktop\HusetKBH\Font\Document fonts\Avenir.ttc
TTCOffset:2992
DataFormat:sfntData
hasSVG:no
VariableFontType:NonVariableFont
FileLength:1586556
FileModTime:1410303194
WeightClass:400
WidthClass:5
AngleClass:1
NameArray:0,Mac,18,Avenir Oblique
NameArray:0,Mac,4,Avenir Oblique
NameArray:0,Win,1,Avenir
NameArray:0,Win,16,Avenir
%EndFont

%BeginFont
Handler:DirectoryHandler
FontType:TrueType
FontName:Avenir-Roman
FamilyName:Avenir
StyleName:Roman
FullName:Avenir Roman
MenuName:Avenir
StyleBits:0
WritingScript:Roman
OutlineFileName:C:\Users\Ailish\Desktop\HusetKBH\Font\Document fonts\Avenir.ttc
TTCOffset:3292
DataFormat:sfntData
hasSVG:no
VariableFontType:NonVariableFont
FileLength:1586556
FileModTime:1410303194
WeightClass:400
WidthClass:5
AngleClass:0
NameArray:0,Mac,18,Avenir Roman
NameArray:0,Mac,4,Avenir Roman
NameArray:0,Win,1,Avenir
NameArray:0,Win,16,Avenir
%EndFont

%BeginFont
Handler:DirectoryHandler
FontType:Type1
FontName:CooperBlackStd
FamilyName:Cooper Std
StyleName:Black
FullName:Cooper Std Black
MenuName:Cooper Std Black
StyleBits:0
WritingScript:Roman
OutlineFileName:C:\Users\Ailish\Desktop\HusetKBH\Font\Document fonts\CooperBlackStd.otf
DataFormat:sfntData
UsesStandardEncoding:yes
isCFF:yes
hasSVG:no
VariableFontType:NonVariableFont
FileLength:35728
FileModTime:1351856726
WeightClass:900
WidthClass:5
AngleClass:0
DesignSize:180
NameArray:0,Mac,4,Cooper Std Black
NameArray:0,Win,1,Cooper Std Black
NameArray:0,Win,16,Cooper Std
%EndFont

%BeginFont
Handler:DirectoryHandler
FontType:Invalid
OutlineFileName:C:\Users\Ailish\Desktop\HusetKBH\Font\Document fonts\Helvetica.dfont
FileModTime:1410303184
%EndFont

%BeginFont
Handler:DirectoryHandler
FontType:Type1
FontName:Portrait-Medium
FamilyName:Portrait
StyleName:Medium
FullName:Portrait Medium
MenuName:Portrait Medium
StyleBits:0
WritingScript:Roman
OutlineFileName:C:\Users\Ailish\Desktop\HusetKBH\Font\Document fonts\Portrait-Medium.otf
DataFormat:sfntData
UsesStandardEncoding:yes
isCFF:yes
hasSVG:no
VariableFontType:NonVariableFont
FileLength:181536
FileModTime:1375704550
WeightClass:500
WidthClass:5
AngleClass:0
NameArray:0,Mac,4,Portrait Medium
NameArray:0,Win,1,Portrait Medium
NameArray:0,Win,16,Portrait
%EndFont

%BeginFont
Handler:DirectoryHandler
FontType:Invalid
OutlineFileName:C:\Users\Ailish\Desktop\HusetKBH\Font\Document fonts\Times.dfont
FileModTime:1410303192
%EndFont

